<?xml version="1.0" encoding="UTF-8"?>
<!-- Generated by org.testng.reporters.JUnitXMLReporter -->
<testsuite ignored="0" hostname="DESKTOP-8S195GN" failures="0" tests="5" name="Auth Module Tests" time="9.672" errors="0" timestamp="2026-04-08T19:32:56 IST">
  <testcase classname="com.restfulbooker.tests.auth.AuthTest" name="verifyTokenGeneratedWithValidCredentials" time="2.599"/>
  <testcase classname="com.restfulbooker.tests.auth.AuthTest" name="verifyBadCredentialsForInvalidUsername" time="1.823"/>
  <testcase classname="com.restfulbooker.tests.auth.AuthTest" name="verifyBadCredentialsForInvalidPassword" time="1.716"/>
  <testcase classname="com.restfulbooker.tests.auth.AuthTest" name="verifyBadCredentialsForEmptyUsernameAndPassword" time="1.865"/>
  <testcase classname="com.restfulbooker.tests.auth.AuthTest" name="verifyErrorResponseForMissingRequestBody" time="1.667"/>
</testsuite> <!-- Auth Module Tests -->
