<?xml version="1.0" encoding="UTF-8"?>
<!-- Generated by org.testng.reporters.JUnitXMLReporter -->
<testsuite ignored="0" hostname="DESKTOP-8S195GN" failures="0" tests="7" name="Create Booking Module Tests" time="11.905" errors="0" timestamp="2026-04-08T19:33:28 IST">
  <testcase classname="com.restfulbooker.tests.createbooking.CreateBookingTest" name="verifyCreateBookingWithAllValidFields" time="1.724"/>
  <testcase classname="com.restfulbooker.tests.createbooking.CreateBookingTest" name="verifyCreateBookingMissingFirstname" time="1.833"/>
  <testcase classname="com.restfulbooker.tests.createbooking.CreateBookingTest" name="verifyCreateBookingMissingTotalprice" time="1.711"/>
  <testcase classname="com.restfulbooker.tests.createbooking.CreateBookingTest" name="verifyCreateBookingMissingDepositpaid" time="1.652"/>
  <testcase classname="com.restfulbooker.tests.createbooking.CreateBookingTest" name="verifyCreateBookingMissingBookingdates" time="1.633"/>
  <testcase classname="com.restfulbooker.tests.createbooking.CreateBookingTest" name="verifyCreateBookingWithInvalidDateFormat" time="1.677"/>
  <testcase classname="com.restfulbooker.tests.createbooking.CreateBookingTest" name="verifyCreateBookingResponseSchema" time="1.656"/>
</testsuite> <!-- Create Booking Module Tests -->
