<?xml version="1.0" encoding="UTF-8"?>
<!-- Generated by org.testng.reporters.JUnitXMLReporter -->
<testsuite ignored="0" hostname="DESKTOP-8S195GN" failures="0" tests="5" name="Delete Booking Module Tests" time="25.499" errors="0" timestamp="2026-04-08T19:34:47 IST">
  <testcase classname="com.restfulbooker.tests.deletebooking.DeleteBookingTest" name="verifyDeleteBookingWithValidAuthToken" time="6.724"/>
  <testcase classname="com.restfulbooker.tests.deletebooking.DeleteBookingTest" name="verifyDeleteBookingWithoutAuthToken" time="5.309"/>
  <testcase classname="com.restfulbooker.tests.deletebooking.DeleteBookingTest" name="verifyDeleteBookingWithInvalidAuthToken" time="3.427"/>
  <testcase classname="com.restfulbooker.tests.deletebooking.DeleteBookingTest" name="verifyDeleteNonExistentBookingId" time="3.269"/>
  <testcase classname="com.restfulbooker.tests.deletebooking.DeleteBookingTest" name="verifyDeletedBookingReturnsNotFoundOnGet" time="6.756"/>
</testsuite> <!-- Delete Booking Module Tests -->
