<?xml version="1.0" encoding="UTF-8"?>
<!-- Generated by org.testng.reporters.JUnitXMLReporter -->
<testsuite ignored="0" hostname="DESKTOP-8S195GN" failures="0" tests="6" name="Get Booking IDs Module Tests" time="9.841" errors="0" timestamp="2026-04-03T08:32:36 IST">
  <testcase classname="com.restfulbooker.tests.bookingids.GetBookingIdsTest" name="verifyAllBookingIdsWithoutFilters" time="1.683"/>
  <testcase classname="com.restfulbooker.tests.bookingids.GetBookingIdsTest" name="verifyBookingIdsFilteredByFirstname" time="1.637"/>
  <testcase classname="com.restfulbooker.tests.bookingids.GetBookingIdsTest" name="verifyBookingIdsFilteredByLastname" time="1.567"/>
  <testcase classname="com.restfulbooker.tests.bookingids.GetBookingIdsTest" name="verifyBookingIdsFilteredByCheckinDate" time="1.633"/>
  <testcase classname="com.restfulbooker.tests.bookingids.GetBookingIdsTest" name="verifyBookingIdsFilteredByCheckoutDate" time="1.665"/>
  <testcase classname="com.restfulbooker.tests.bookingids.GetBookingIdsTest" name="verifyEmptyResultForNonMatchingFirstname" time="1.653"/>
</testsuite> <!-- Get Booking IDs Module Tests -->
