<?xml version="1.0" encoding="UTF-8"?>
<!-- Generated by org.testng.reporters.JUnitXMLReporter -->
<testsuite ignored="0" hostname="DESKTOP-8S195GN" failures="0" tests="4" name="Get Booking Module Tests" time="10.08" errors="0" timestamp="2026-04-08T19:33:16 IST">
  <testcase classname="com.restfulbooker.tests.booking.GetBookingTest" name="verifyBookingByValidId" time="5.108"/>
  <testcase classname="com.restfulbooker.tests.booking.GetBookingTest" name="verifyNonExistentBookingIdReturnsNotFound" time="1.627"/>
  <testcase classname="com.restfulbooker.tests.booking.GetBookingTest" name="verifyZeroBookingIdReturnsNotFound" time="1.607"/>
  <testcase classname="com.restfulbooker.tests.booking.GetBookingTest" name="verifyStringBookingIdReturnsNotFound" time="1.732"/>
</testsuite> <!-- Get Booking Module Tests -->
