<?xml version="1.0" encoding="UTF-8"?>
<!-- Generated by org.testng.reporters.JUnitXMLReporter -->
<testsuite ignored="0" hostname="DESKTOP-8S195GN" failures="0" tests="6" name="Get Booking IDs Module Tests" time="10.221" errors="0" timestamp="2026-04-08T19:33:06 IST">
  <testcase classname="com.restfulbooker.tests.bookingids.GetBookingIdsTest" name="verifyAllBookingIdsWithoutFilters" time="1.68"/>
  <testcase classname="com.restfulbooker.tests.bookingids.GetBookingIdsTest" name="verifyBookingIdsFilteredByFirstname" time="1.765"/>
  <testcase classname="com.restfulbooker.tests.bookingids.GetBookingIdsTest" name="verifyBookingIdsFilteredByLastname" time="1.66"/>
  <testcase classname="com.restfulbooker.tests.bookingids.GetBookingIdsTest" name="verifyBookingIdsFilteredByCheckinDate" time="1.68"/>
  <testcase classname="com.restfulbooker.tests.bookingids.GetBookingIdsTest" name="verifyBookingIdsFilteredByCheckoutDate" time="1.789"/>
  <testcase classname="com.restfulbooker.tests.bookingids.GetBookingIdsTest" name="verifyEmptyResultForNonMatchingFirstname" time="1.644"/>
</testsuite> <!-- Get Booking IDs Module Tests -->
