<?xml version="1.0" encoding="UTF-8"?>
<!-- Generated by org.testng.reporters.JUnitXMLReporter -->
<testsuite ignored="0" hostname="DESKTOP-8S195GN" failures="0" tests="4" name="Patch Booking Module Tests" time="24.524" errors="0" timestamp="2026-04-08T19:34:22 IST">
  <testcase classname="com.restfulbooker.tests.patchbooking.PatchBookingTest" name="verifyPartialUpdateFirstnameOnly" time="8.416"/>
  <testcase classname="com.restfulbooker.tests.patchbooking.PatchBookingTest" name="verifyPartialUpdateTotalpriceOnly" time="8.179"/>
  <testcase classname="com.restfulbooker.tests.patchbooking.PatchBookingTest" name="verifyPartialUpdateWithoutAuthToken" time="3.328"/>
  <testcase classname="com.restfulbooker.tests.patchbooking.PatchBookingTest" name="verifyPartialUpdateNonExistentBookingId" time="4.596"/>
</testsuite> <!-- Patch Booking Module Tests -->
