<?xml version="1.0" encoding="UTF-8"?>
<!-- Generated by org.testng.reporters.JUnitXMLReporter -->
<testsuite ignored="0" hostname="DESKTOP-8S195GN" failures="0" tests="5" name="Update Booking Module Tests" time="29.452" errors="0" timestamp="2026-04-08T19:33:57 IST">
  <testcase classname="com.restfulbooker.tests.updatebooking.UpdateBookingTest" name="verifyFullUpdateWithValidAuthToken" time="6.711"/>
  <testcase classname="com.restfulbooker.tests.updatebooking.UpdateBookingTest" name="verifyFullUpdateWithoutAuthToken" time="6.614"/>
  <testcase classname="com.restfulbooker.tests.updatebooking.UpdateBookingTest" name="verifyFullUpdateWithInvalidToken" time="8.0"/>
  <testcase classname="com.restfulbooker.tests.updatebooking.UpdateBookingTest" name="verifyUpdateNonExistentBookingId" time="3.244"/>
  <testcase classname="com.restfulbooker.tests.updatebooking.UpdateBookingTest" name="verifyUpdateWithMissingRequiredFields" time="4.874"/>
</testsuite> <!-- Update Booking Module Tests -->
