<?xml version="1.0" encoding="UTF-8"?>
<!-- Generated by org.testng.reporters.JUnitXMLReporter -->
<testsuite ignored="0" hostname="DESKTOP-8S195GN" failures="0" tests="7" name="Surefire test" time="16.096" errors="0" timestamp="2026-04-04T09:30:02 IST">
  <testcase classname="com.restfulbooker.tests.createbooking.CreateBookingTest" name="verifyCreateBookingWithAllValidFields" time="5.183"/>
  <testcase classname="com.restfulbooker.tests.createbooking.CreateBookingTest" name="verifyCreateBookingMissingFirstname" time="1.609"/>
  <testcase classname="com.restfulbooker.tests.createbooking.CreateBookingTest" name="verifyCreateBookingMissingTotalprice" time="1.593"/>
  <testcase classname="com.restfulbooker.tests.createbooking.CreateBookingTest" name="verifyCreateBookingMissingDepositpaid" time="1.701"/>
  <testcase classname="com.restfulbooker.tests.createbooking.CreateBookingTest" name="verifyCreateBookingMissingBookingdates" time="1.694"/>
  <testcase classname="com.restfulbooker.tests.createbooking.CreateBookingTest" name="verifyCreateBookingWithInvalidDateFormat" time="1.88"/>
  <testcase classname="com.restfulbooker.tests.createbooking.CreateBookingTest" name="verifyCreateBookingResponseSchema" time="1.683"/>
</testsuite> <!-- Surefire test -->
