<?xml version="1.0" encoding="UTF-8"?>
<testng-results ignored="0" total="7" passed="7" failed="0" skipped="0">
  <reporter-output>
  </reporter-output>
  <suite started-at="2026-04-04T09:29:46 IST" name="Surefire suite" finished-at="2026-04-04T09:30:02 IST" duration-ms="16096">
    <groups>
    </groups>
    <test started-at="2026-04-04T09:29:46 IST" name="Surefire test" finished-at="2026-04-04T09:30:02 IST" duration-ms="16096">
      <class name="com.restfulbooker.tests.createbooking.CreateBookingTest">
        <test-method is-config="true" signature="setUpRequestSpecification()[pri:0, instance:com.restfulbooker.tests.createbooking.CreateBookingTest@5e316c74]" started-at="2026-04-04T09:29:46 IST" name="setUpRequestSpecification" finished-at="2026-04-04T09:29:46 IST" duration-ms="692" status="PASS">
          <reporter-output>
          </reporter-output>
        </test-method> <!-- setUpRequestSpecification -->
        <test-method signature="verifyCreateBookingWithAllValidFields()[pri:1, instance:com.restfulbooker.tests.createbooking.CreateBookingTest@5e316c74]" started-at="2026-04-04T09:29:46 IST" name="verifyCreateBookingWithAllValidFields" description="TC_CB_001 - Verify booking is created with all valid fields" finished-at="2026-04-04T09:29:52 IST" duration-ms="5183" status="PASS">
          <reporter-output>
          </reporter-output>
        </test-method> <!-- verifyCreateBookingWithAllValidFields -->
        <test-method signature="verifyCreateBookingMissingFirstname()[pri:2, instance:com.restfulbooker.tests.createbooking.CreateBookingTest@5e316c74]" started-at="2026-04-04T09:29:52 IST" name="verifyCreateBookingMissingFirstname" description="TC_CB_002 - Verify missing firstname returns server error" finished-at="2026-04-04T09:29:53 IST" duration-ms="1609" status="PASS">
          <reporter-output>
          </reporter-output>
        </test-method> <!-- verifyCreateBookingMissingFirstname -->
        <test-method signature="verifyCreateBookingMissingTotalprice()[pri:3, instance:com.restfulbooker.tests.createbooking.CreateBookingTest@5e316c74]" started-at="2026-04-04T09:29:53 IST" name="verifyCreateBookingMissingTotalprice" description="TC_CB_003 - Verify missing totalprice returns server error" finished-at="2026-04-04T09:29:55 IST" duration-ms="1593" status="PASS">
          <reporter-output>
          </reporter-output>
        </test-method> <!-- verifyCreateBookingMissingTotalprice -->
        <test-method signature="verifyCreateBookingMissingDepositpaid()[pri:4, instance:com.restfulbooker.tests.createbooking.CreateBookingTest@5e316c74]" started-at="2026-04-04T09:29:55 IST" name="verifyCreateBookingMissingDepositpaid" description="TC_CB_004 - Verify missing depositpaid returns server error" finished-at="2026-04-04T09:29:57 IST" duration-ms="1701" status="PASS">
          <reporter-output>
          </reporter-output>
        </test-method> <!-- verifyCreateBookingMissingDepositpaid -->
        <test-method signature="verifyCreateBookingMissingBookingdates()[pri:5, instance:com.restfulbooker.tests.createbooking.CreateBookingTest@5e316c74]" started-at="2026-04-04T09:29:57 IST" name="verifyCreateBookingMissingBookingdates" description="TC_CB_005 - Verify missing bookingdates returns server error" finished-at="2026-04-04T09:29:58 IST" duration-ms="1694" status="PASS">
          <reporter-output>
          </reporter-output>
        </test-method> <!-- verifyCreateBookingMissingBookingdates -->
        <test-method signature="verifyCreateBookingWithInvalidDateFormat()[pri:6, instance:com.restfulbooker.tests.createbooking.CreateBookingTest@5e316c74]" started-at="2026-04-04T09:29:58 IST" name="verifyCreateBookingWithInvalidDateFormat" description="TC_CB_006 - Verify actual behavior for invalid date format during booking creation" finished-at="2026-04-04T09:30:00 IST" duration-ms="1880" status="PASS">
          <reporter-output>
          </reporter-output>
        </test-method> <!-- verifyCreateBookingWithInvalidDateFormat -->
        <test-method signature="verifyCreateBookingResponseSchema()[pri:7, instance:com.restfulbooker.tests.createbooking.CreateBookingTest@5e316c74]" started-at="2026-04-04T09:30:00 IST" name="verifyCreateBookingResponseSchema" description="TC_CB_007 - Verify create booking response schema" finished-at="2026-04-04T09:30:02 IST" duration-ms="1683" status="PASS">
          <reporter-output>
          </reporter-output>
        </test-method> <!-- verifyCreateBookingResponseSchema -->
      </class> <!-- com.restfulbooker.tests.createbooking.CreateBookingTest -->
    </test> <!-- Surefire test -->
  </suite> <!-- Surefire suite -->
</testng-results>
