<?xml version="1.0" encoding="UTF-8"?>
<testsuite xmlns:xsi="http://www.w3.org/2001/XMLSchema-instance" xsi:noNamespaceSchemaLocation="https://maven.apache.org/surefire/maven-surefire-plugin/xsd/surefire-test-report.xsd" version="3.0.2" name="TestSuite" time="126.868" tests="37" errors="0" skipped="0" failures="0">
  <properties>
[...]
</properties>
  <testcase name="verifyServerIsUpUsingPingEndpoint" classname="com.restfulbooker.tests.ping.PingTest" time="3.028">
    <system-err><![CDATA[SLF4J(W): No SLF4J providers were found.
SLF4J(W): Defaulting to no-operation (NOP) logger implementation
SLF4J(W): See https://www.slf4j.org/codes.html#noProviders for further details.
]]></system-err>
  </testcase>
  <testcase name="verifyTokenGeneratedWithValidCredentials" classname="com.restfulbooker.tests.auth.AuthTest" time="2.591"/>
  <testcase name="verifyBadCredentialsForInvalidUsername" classname="com.restfulbooker.tests.auth.AuthTest" time="1.823"/>
  <testcase name="verifyBadCredentialsForInvalidPassword" classname="com.restfulbooker.tests.auth.AuthTest" time="1.716"/>
  <testcase name="verifyBadCredentialsForEmptyUsernameAndPassword" classname="com.restfulbooker.tests.auth.AuthTest" time="1.865"/>
  <testcase name="verifyErrorResponseForMissingRequestBody" classname="com.restfulbooker.tests.auth.AuthTest" time="1.667"/>
  <testcase name="verifyAllBookingIdsWithoutFilters" classname="com.restfulbooker.tests.bookingids.GetBookingIdsTest" time="1.678"/>
  <testcase name="verifyBookingIdsFilteredByFirstname" classname="com.restfulbooker.tests.bookingids.GetBookingIdsTest" time="1.765"/>
  <testcase name="verifyBookingIdsFilteredByLastname" classname="com.restfulbooker.tests.bookingids.GetBookingIdsTest" time="1.66"/>
  <testcase name="verifyBookingIdsFilteredByCheckinDate" classname="com.restfulbooker.tests.bookingids.GetBookingIdsTest" time="1.68"/>
  <testcase name="verifyBookingIdsFilteredByCheckoutDate" classname="com.restfulbooker.tests.bookingids.GetBookingIdsTest" time="1.789"/>
  <testcase name="verifyEmptyResultForNonMatchingFirstname" classname="com.restfulbooker.tests.bookingids.GetBookingIdsTest" time="1.644"/>
  <testcase name="verifyBookingByValidId" classname="com.restfulbooker.tests.booking.GetBookingTest" time="5.107"/>
  <testcase name="verifyNonExistentBookingIdReturnsNotFound" classname="com.restfulbooker.tests.booking.GetBookingTest" time="1.627"/>
  <testcase name="verifyZeroBookingIdReturnsNotFound" classname="com.restfulbooker.tests.booking.GetBookingTest" time="1.607"/>
  <testcase name="verifyStringBookingIdReturnsNotFound" classname="com.restfulbooker.tests.booking.GetBookingTest" time="1.732"/>
  <testcase name="verifyCreateBookingWithAllValidFields" classname="com.restfulbooker.tests.createbooking.CreateBookingTest" time="1.724"/>
  <testcase name="verifyCreateBookingMissingFirstname" classname="com.restfulbooker.tests.createbooking.CreateBookingTest" time="1.831"/>
  <testcase name="verifyCreateBookingMissingTotalprice" classname="com.restfulbooker.tests.createbooking.CreateBookingTest" time="1.712"/>
  <testcase name="verifyCreateBookingMissingDepositpaid" classname="com.restfulbooker.tests.createbooking.CreateBookingTest" time="1.652"/>
  <testcase name="verifyCreateBookingMissingBookingdates" classname="com.restfulbooker.tests.createbooking.CreateBookingTest" time="1.632"/>
  <testcase name="verifyCreateBookingWithInvalidDateFormat" classname="com.restfulbooker.tests.createbooking.CreateBookingTest" time="1.677"/>
  <testcase name="verifyCreateBookingResponseSchema" classname="com.restfulbooker.tests.createbooking.CreateBookingTest" time="1.656"/>
  <testcase name="verifyFullUpdateWithValidAuthToken" classname="com.restfulbooker.tests.updatebooking.UpdateBookingTest" time="6.711"/>
  <testcase name="verifyFullUpdateWithoutAuthToken" classname="com.restfulbooker.tests.updatebooking.UpdateBookingTest" time="6.614"/>
  <testcase name="verifyFullUpdateWithInvalidToken" classname="com.restfulbooker.tests.updatebooking.UpdateBookingTest" time="8.0"/>
  <testcase name="verifyUpdateNonExistentBookingId" classname="com.restfulbooker.tests.updatebooking.UpdateBookingTest" time="3.244"/>
  <testcase name="verifyUpdateWithMissingRequiredFields" classname="com.restfulbooker.tests.updatebooking.UpdateBookingTest" time="4.873"/>
  <testcase name="verifyPartialUpdateFirstnameOnly" classname="com.restfulbooker.tests.patchbooking.PatchBookingTest" time="8.416"/>
  <testcase name="verifyPartialUpdateTotalpriceOnly" classname="com.restfulbooker.tests.patchbooking.PatchBookingTest" time="8.179"/>
  <testcase name="verifyPartialUpdateWithoutAuthToken" classname="com.restfulbooker.tests.patchbooking.PatchBookingTest" time="3.328"/>
  <testcase name="verifyPartialUpdateNonExistentBookingId" classname="com.restfulbooker.tests.patchbooking.PatchBookingTest" time="4.596"/>
  <testcase name="verifyDeleteBookingWithValidAuthToken" classname="com.restfulbooker.tests.deletebooking.DeleteBookingTest" time="6.731"/>
  <testcase name="verifyDeleteBookingWithoutAuthToken" classname="com.restfulbooker.tests.deletebooking.DeleteBookingTest" time="5.307"/>
  <testcase name="verifyDeleteBookingWithInvalidAuthToken" classname="com.restfulbooker.tests.deletebooking.DeleteBookingTest" time="3.427"/>
  <testcase name="verifyDeleteNonExistentBookingId" classname="com.restfulbooker.tests.deletebooking.DeleteBookingTest" time="3.269"/>
  <testcase name="verifyDeletedBookingReturnsNotFoundOnGet" classname="com.restfulbooker.tests.deletebooking.DeleteBookingTest" time="6.756"/>
</testsuite>