<?xml version="1.0" encoding="UTF-8"?>
<!-- Generated by org.testng.reporters.JUnitReportReporter -->
<testsuite hostname="DESKTOP-8S195GN" failures="0" tests="4" name="com.restfulbooker.tests.patchbooking.PatchBookingTest" time="24.519" errors="0" timestamp="2026-04-08T19:34:48 IST" skipped="0">
  <testcase classname="com.restfulbooker.tests.patchbooking.PatchBookingTest" name="verifyPartialUpdateFirstnameOnly" time="8.416"/>
  <testcase classname="com.restfulbooker.tests.patchbooking.PatchBookingTest" name="verifyPartialUpdateTotalpriceOnly" time="8.179"/>
  <testcase classname="com.restfulbooker.tests.patchbooking.PatchBookingTest" name="verifyPartialUpdateWithoutAuthToken" time="3.328"/>
  <testcase classname="com.restfulbooker.tests.patchbooking.PatchBookingTest" name="verifyPartialUpdateNonExistentBookingId" time="4.596"/>
</testsuite> <!-- com.restfulbooker.tests.patchbooking.PatchBookingTest -->
