<?xml version="1.0" encoding="UTF-8"?>
<!-- Generated by org.testng.reporters.JUnitReportReporter -->
<testsuite hostname="DESKTOP-8S195GN" failures="0" tests="6" name="com.restfulbooker.tests.bookingids.GetBookingIdsTest" time="10.218" errors="0" timestamp="2026-04-08T19:34:48 IST" skipped="0">
  <testcase classname="com.restfulbooker.tests.bookingids.GetBookingIdsTest" name="verifyAllBookingIdsWithoutFilters" time="1.680"/>
  <testcase classname="com.restfulbooker.tests.bookingids.GetBookingIdsTest" name="verifyBookingIdsFilteredByFirstname" time="1.765"/>
  <testcase classname="com.restfulbooker.tests.bookingids.GetBookingIdsTest" name="verifyBookingIdsFilteredByLastname" time="1.660"/>
  <testcase classname="com.restfulbooker.tests.bookingids.GetBookingIdsTest" name="verifyBookingIdsFilteredByCheckinDate" time="1.680"/>
  <testcase classname="com.restfulbooker.tests.bookingids.GetBookingIdsTest" name="verifyBookingIdsFilteredByCheckoutDate" time="1.789"/>
  <testcase classname="com.restfulbooker.tests.bookingids.GetBookingIdsTest" name="verifyEmptyResultForNonMatchingFirstname" time="1.644"/>
</testsuite> <!-- com.restfulbooker.tests.bookingids.GetBookingIdsTest -->
