<?xml version="1.0" encoding="UTF-8"?>
<!-- Generated by org.testng.reporters.JUnitReportReporter -->
<testsuite hostname="DESKTOP-8S195GN" failures="0" tests="5" name="com.restfulbooker.tests.updatebooking.UpdateBookingTest" time="29.443" errors="0" timestamp="2026-04-08T19:34:48 IST" skipped="0">
  <testcase classname="com.restfulbooker.tests.updatebooking.UpdateBookingTest" name="verifyFullUpdateWithValidAuthToken" time="6.711"/>
  <testcase classname="com.restfulbooker.tests.updatebooking.UpdateBookingTest" name="verifyFullUpdateWithoutAuthToken" time="6.614"/>
  <testcase classname="com.restfulbooker.tests.updatebooking.UpdateBookingTest" name="verifyFullUpdateWithInvalidToken" time="8.000"/>
  <testcase classname="com.restfulbooker.tests.updatebooking.UpdateBookingTest" name="verifyUpdateNonExistentBookingId" time="3.244"/>
  <testcase classname="com.restfulbooker.tests.updatebooking.UpdateBookingTest" name="verifyUpdateWithMissingRequiredFields" time="4.874"/>
</testsuite> <!-- com.restfulbooker.tests.updatebooking.UpdateBookingTest -->
