<?xml version="1.0" encoding="UTF-8"?>
<!-- Generated by org.testng.reporters.JUnitReportReporter -->
<testsuite hostname="DESKTOP-8S195GN" failures="0" tests="4" name="com.restfulbooker.tests.booking.GetBookingTest" time="18.316" errors="0" timestamp="2026-04-04T08:54:20 IST" skipped="0">
  <testcase classname="com.restfulbooker.tests.booking.GetBookingTest" name="verifyBookingByValidId" time="13.393"/>
  <testcase classname="com.restfulbooker.tests.booking.GetBookingTest" name="verifyNonExistentBookingIdReturnsNotFound" time="1.690"/>
  <testcase classname="com.restfulbooker.tests.booking.GetBookingTest" name="verifyZeroBookingIdReturnsNotFound" time="1.544"/>
  <testcase classname="com.restfulbooker.tests.booking.GetBookingTest" name="verifyStringBookingIdReturnsNotFound" time="1.689"/>
</testsuite> <!-- com.restfulbooker.tests.booking.GetBookingTest -->
