<?xml version="1.0" encoding="UTF-8"?>
<!-- Generated by org.testng.reporters.JUnitReportReporter -->
<testsuite hostname="DESKTOP-8S195GN" failures="0" tests="7" name="com.restfulbooker.tests.createbooking.CreateBookingTest" time="15.343" errors="0" timestamp="2026-04-04T09:30:02 IST" skipped="0">
  <testcase classname="com.restfulbooker.tests.createbooking.CreateBookingTest" name="verifyCreateBookingWithAllValidFields" time="5.183"/>
  <testcase classname="com.restfulbooker.tests.createbooking.CreateBookingTest" name="verifyCreateBookingMissingFirstname" time="1.609"/>
  <testcase classname="com.restfulbooker.tests.createbooking.CreateBookingTest" name="verifyCreateBookingMissingTotalprice" time="1.593"/>
  <testcase classname="com.restfulbooker.tests.createbooking.CreateBookingTest" name="verifyCreateBookingMissingDepositpaid" time="1.701"/>
  <testcase classname="com.restfulbooker.tests.createbooking.CreateBookingTest" name="verifyCreateBookingMissingBookingdates" time="1.694"/>
  <testcase classname="com.restfulbooker.tests.createbooking.CreateBookingTest" name="verifyCreateBookingWithInvalidDateFormat" time="1.880"/>
  <testcase classname="com.restfulbooker.tests.createbooking.CreateBookingTest" name="verifyCreateBookingResponseSchema" time="1.683"/>
</testsuite> <!-- com.restfulbooker.tests.createbooking.CreateBookingTest -->
