<?xml version="1.0" encoding="UTF-8"?>
<!-- Generated by org.testng.reporters.JUnitReportReporter -->
<testsuite hostname="DESKTOP-8S195GN" failures="0" tests="5" name="com.restfulbooker.tests.auth.AuthTest" time="9.670" errors="0" timestamp="2026-04-08T19:34:48 IST" skipped="0">
  <testcase classname="com.restfulbooker.tests.auth.AuthTest" name="verifyTokenGeneratedWithValidCredentials" time="2.599"/>
  <testcase classname="com.restfulbooker.tests.auth.AuthTest" name="verifyBadCredentialsForInvalidUsername" time="1.823"/>
  <testcase classname="com.restfulbooker.tests.auth.AuthTest" name="verifyBadCredentialsForInvalidPassword" time="1.716"/>
  <testcase classname="com.restfulbooker.tests.auth.AuthTest" name="verifyBadCredentialsForEmptyUsernameAndPassword" time="1.865"/>
  <testcase classname="com.restfulbooker.tests.auth.AuthTest" name="verifyErrorResponseForMissingRequestBody" time="1.667"/>
</testsuite> <!-- com.restfulbooker.tests.auth.AuthTest -->
